# JRE version: OpenJDK Runtime Environment Temurin-21.0.12.1+1 (21.0.12.1+1) (build 21.0.12.1+1-LTS)
# Java VM: OpenJDK 64-Bit Server VM Temurin-21.0.12.1+1 (21.0.12.1+1-LTS, mixed mode, sharing, tiered, compressed oops, compressed class ptrs, g1 gc, windows-amd64)
GC Precious Log:
 CardTable entry size: 512
 Card Set container configuration: InlinePtr #cards 5 size 8 Array Of Cards #cards 12 size 40 Howl #buckets 4 coarsen threshold 1843 Howl Bitmap #cards 512 size 80 coarsen threshold 460 Card regions per heap region 1 cards per card region 2048
 CPUs: 8 total, 8 available
 Memory: 7932M
 Large Page Support: Disabled
 NUMA Support: Disabled
 Compressed Oops: Enabled (32-bit)
 Heap Region Size: 1M
 Heap Min Capacity: 256M
 Heap Initial Capacity: 256M
 Heap Max Capacity: 512M
 Pre-touch: Disabled
 Parallel Workers: 8
 Concurrent Workers: 2
 Concurrent Refinement Workers: 8
 Periodic GC: Disabled
Heap:
 garbage-first heap   total 262144K, used 139714K [0x00000000e0000000, 0x0000000100000000)
  region size 1024K, 115 young (117760K), 7 survivors (7168K)
 Metaspace       used 48087K, committed 50112K, reserved 393216K
  class space    used 7149K, committed 8128K, reserved 327680K
GC Heap History (10 events):
Event: 5.757 GC heap before
{Heap before GC invocations=0 (full 0):
 garbage-first heap   total 262144K, used 26624K [0x00000000e0000000, 0x0000000100000000)
  region size 1024K, 23 young (23552K), 0 survivors (0K)
 Metaspace       used 2626K, committed 2752K, reserved 393216K
  class space    used 307K, committed 384K, reserved 327680K
}
Event: 5.857 GC heap after
{Heap after GC invocations=1 (full 0):
 garbage-first heap   total 262144K, used 10751K [0x00000000e0000000, 0x0000000100000000)
  region size 1024K, 3 young (3072K), 3 survivors (3072K)
 Metaspace       used 2626K, committed 2752K, reserved 393216K
  class space    used 307K, committed 384K, reserved 327680K
}
Event: 8.892 GC heap before
{Heap before GC invocations=1 (full 0):
 garbage-first heap   total 262144K, used 39423K [0x00000000e0000000, 0x0000000100000000)
  region size 1024K, 31 young (31744K), 3 survivors (3072K)
 Metaspace       used 4629K, committed 4800K, reserved 393216K
  class space    used 593K, committed 704K, reserved 327680K
}
Event: 8.896 GC heap after
{Heap after GC invocations=2 (full 0):
 garbage-first heap   total 262144K, used 12740K [0x00000000e0000000, 0x0000000100000000)
  region size 1024K, 2 young (2048K), 2 survivors (2048K)
 Metaspace       used 4629K, committed 4800K, reserved 393216K
  class space    used 593K, committed 704K, reserved 327680K
}
Event: 32.898 GC heap before
{Heap before GC invocations=2 (full 0):
 garbage-first heap   total 262144K, used 121284K [0x00000000e0000000, 0x0000000100000000)
  region size 1024K, 106 young (108544K), 2 survivors (2048K)
 Metaspace       used 19977K, committed 20608K, reserved 393216K
  class space    used 2813K, committed 3136K, reserved 327680K
}
Event: 32.922 GC heap after
{Heap after GC invocations=3 (full 0):
 garbage-first heap   total 262144K, used 23918K [0x00000000e0000000, 0x0000000100000000)
  region size 1024K, 12 young (12288K), 12 survivors (12288K)
 Metaspace       used 19977K, committed 20608K, reserved 393216K
  class space    used 2813K, committed 3136K, reserved 327680K
}
Event: 33.598 GC heap before
{Heap before GC invocations=3 (full 0):
 garbage-first heap   total 262144K, used 31086K [0x00000000e0000000, 0x0000000100000000)
  region size 1024K, 20 young (20480K), 12 survivors (12288K)
 Metaspace       used 20908K, committed 21504K, reserved 393216K
  class space    used 2975K, committed 3264K, reserved 327680K
}
Event: 33.613 GC heap after
{Heap after GC invocations=4 (full 0):
 garbage-first heap   total 262144K, used 25361K [0x00000000e0000000, 0x0000000100000000)
  region size 1024K, 2 young (2048K), 2 survivors (2048K)
 Metaspace       used 20908K, committed 21504K, reserved 393216K
  class space    used 2975K, committed 3264K, reserved 327680K
}
Event: 39.741 GC heap before
{Heap before GC invocations=5 (full 0):
 garbage-first heap   total 262144K, used 130833K [0x00000000e0000000, 0x0000000100000000)
  region size 1024K, 105 young (107520K), 2 survivors (2048K)
 Metaspace       used 34794K, committed 36160K, reserved 393216K
  class space    used 5022K, committed 5696K, reserved 327680K
}
Event: 39.753 GC heap after
{Heap after GC invocations=6 (full 0):
 garbage-first heap   total 262144K, used 30146K [0x00000000e0000000, 0x0000000100000000)
  region size 1024K, 7 young (7168K), 7 survivors (7168K)
 Metaspace       used 34794K, committed 36160K, reserved 393216K
  class space    used 5022K, committed 5696K, reserved 327680K
}

