# JRE version: OpenJDK Runtime Environment Temurin-21.0.12.1+1 (21.0.12.1+1) (build 21.0.12.1+1-LTS)
# Java VM: OpenJDK 64-Bit Server VM Temurin-21.0.12.1+1 (21.0.12.1+1-LTS, mixed mode, sharing, tiered, compressed oops, compressed class ptrs, g1 gc, windows-amd64)
GC Precious Log:
 CardTable entry size: 512
 Card Set container configuration: InlinePtr #cards 5 size 8 Array Of Cards #cards 12 size 40 Howl #buckets 4 coarsen threshold 1843 Howl Bitmap #cards 512 size 80 coarsen threshold 460 Card regions per heap region 1 cards per card region 2048
 CPUs: 8 total, 8 available
 Memory: 7932M
 Large Page Support: Disabled
 NUMA Support: Disabled
 Compressed Oops: Enabled (32-bit)
 Heap Region Size: 1M
 Heap Min Capacity: 256M
 Heap Initial Capacity: 256M
 Heap Max Capacity: 512M
 Pre-touch: Disabled
 Parallel Workers: 8
 Concurrent Workers: 2
 Concurrent Refinement Workers: 8
 Periodic GC: Disabled
Heap:
 garbage-first heap   total 262144K, used 43435K [0x00000000e0000000, 0x0000000100000000)
  region size 1024K, 22 young (22528K), 18 survivors (18432K)
 Metaspace       used 50499K, committed 52544K, reserved 393216K
  class space    used 7670K, committed 8640K, reserved 327680K
GC Heap History (14 events):
Event: 2.204 GC heap before
{Heap before GC invocations=0 (full 0):
 garbage-first heap   total 262144K, used 26624K [0x00000000e0000000, 0x0000000100000000)
  region size 1024K, 23 young (23552K), 0 survivors (0K)
 Metaspace       used 2742K, committed 2880K, reserved 393216K
  class space    used 319K, committed 384K, reserved 327680K
}
Event: 2.227 GC heap after
{Heap after GC invocations=1 (full 0):
 garbage-first heap   total 262144K, used 11519K [0x00000000e0000000, 0x0000000100000000)
  region size 1024K, 3 young (3072K), 3 survivors (3072K)
 Metaspace       used 2742K, committed 2880K, reserved 393216K
  class space    used 319K, committed 384K, reserved 327680K
}
Event: 3.181 GC heap before
{Heap before GC invocations=1 (full 0):
 garbage-first heap   total 262144K, used 39167K [0x00000000e0000000, 0x0000000100000000)
  region size 1024K, 30 young (30720K), 3 survivors (3072K)
 Metaspace       used 4635K, committed 4800K, reserved 393216K
  class space    used 594K, committed 704K, reserved 327680K
}
Event: 3.188 GC heap after
{Heap after GC invocations=2 (full 0):
 garbage-first heap   total 262144K, used 12314K [0x00000000e0000000, 0x0000000100000000)
  region size 1024K, 2 young (2048K), 2 survivors (2048K)
 Metaspace       used 4635K, committed 4800K, reserved 393216K
  class space    used 594K, committed 704K, reserved 327680K
}
Event: 8.795 GC heap before
{Heap before GC invocations=2 (full 0):
 garbage-first heap   total 262144K, used 106522K [0x00000000e0000000, 0x0000000100000000)
  region size 1024K, 92 young (94208K), 2 survivors (2048K)
 Metaspace       used 17738K, committed 18304K, reserved 393216K
  class space    used 2482K, committed 2752K, reserved 327680K
}
Event: 8.819 GC heap after
{Heap after GC invocations=3 (full 0):
 garbage-first heap   total 262144K, used 22950K [0x00000000e0000000, 0x0000000100000000)
  region size 1024K, 11 young (11264K), 11 survivors (11264K)
 Metaspace       used 17738K, committed 18304K, reserved 393216K
  class space    used 2482K, committed 2752K, reserved 327680K
}
Event: 11.243 GC heap before
{Heap before GC invocations=3 (full 0):
 garbage-first heap   total 262144K, used 45478K [0x00000000e0000000, 0x0000000100000000)
  region size 1024K, 34 young (34816K), 11 survivors (11264K)
 Metaspace       used 20819K, committed 21504K, reserved 393216K
  class space    used 2985K, committed 3328K, reserved 327680K
}
Event: 11.261 GC heap after
{Heap after GC invocations=4 (full 0):
 garbage-first heap   total 262144K, used 24741K [0x00000000e0000000, 0x0000000100000000)
  region size 1024K, 2 young (2048K), 2 survivors (2048K)
 Metaspace       used 20819K, committed 21504K, reserved 393216K
  class space    used 2985K, committed 3328K, reserved 327680K
}
Event: 22.418 GC heap before
{Heap before GC invocations=5 (full 0):
 garbage-first heap   total 262144K, used 127141K [0x00000000e0000000, 0x0000000100000000)
  region size 1024K, 104 young (106496K), 2 survivors (2048K)
 Metaspace       used 34538K, committed 35968K, reserved 393216K
  class space    used 5150K, committed 5888K, reserved 327680K
}
Event: 22.441 GC heap after
{Heap after GC invocations=6 (full 0):
 garbage-first heap   total 262144K, used 30678K [0x00000000e0000000, 0x0000000100000000)
  region size 1024K, 8 young (8192K), 8 survivors (8192K)
 Metaspace       used 34538K, committed 35968K, reserved 393216K
  class space    used 5150K, committed 5888K, reserved 327680K
}
Event: 22.735 GC heap before
{Heap before GC invocations=6 (full 0):
 garbage-first heap   total 262144K, used 31702K [0x00000000e0000000, 0x0000000100000000)
  region size 1024K, 10 young (10240K), 8 survivors (8192K)
 Metaspace       used 34854K, committed 36288K, reserved 393216K
  class space    used 5165K, committed 5888K, reserved 327680K
}
Event: 22.764 GC heap after
{Heap after GC invocations=7 (full 0):
 garbage-first heap   total 262144K, used 31109K [0x00000000e0000000, 0x0000000100000000)
  region size 1024K, 9 young (9216K), 9 survivors (9216K)
 Metaspace       used 34854K, committed 36288K, reserved 393216K
  class space    used 5165K, committed 5888K, reserved 327680K
}
Event: 22.937 GC heap before
{Heap before GC invocations=7 (full 0):
 garbage-first heap   total 262144K, used 32133K [0x00000000e0000000, 0x0000000100000000)
  region size 1024K, 11 young (11264K), 9 survivors (9216K)
 Metaspace       used 35261K, committed 36608K, reserved 393216K
  class space    used 5226K, committed 5888K, reserved 327680K
}
Event: 22.954 GC heap after
{Heap after GC invocations=8 (full 0):
 garbage-first heap   total 262144K, used 31509K [0x00000000e0000000, 0x0000000100000000)
  region size 1024K, 9 young (9216K), 9 survivors (9216K)
 Metaspace       used 35261K, committed 36608K, reserved 393216K
  class space    used 5226K, committed 5888K, reserved 327680K
}

