# JRE version: OpenJDK Runtime Environment Temurin-21.0.12.1+1 (21.0.12.1+1) (build 21.0.12.1+1-LTS)
# Java VM: OpenJDK 64-Bit Server VM Temurin-21.0.12.1+1 (21.0.12.1+1-LTS, mixed mode, sharing, tiered, compressed oops, compressed class ptrs, g1 gc, windows-amd64)
GC Precious Log:
 CardTable entry size: 512
 Card Set container configuration: InlinePtr #cards 5 size 8 Array Of Cards #cards 12 size 40 Howl #buckets 4 coarsen threshold 1843 Howl Bitmap #cards 512 size 80 coarsen threshold 460 Card regions per heap region 1 cards per card region 2048
 CPUs: 8 total, 8 available
 Memory: 7932M
 Large Page Support: Disabled
 NUMA Support: Disabled
 Compressed Oops: Enabled (32-bit)
 Heap Region Size: 1M
 Heap Min Capacity: 256M
 Heap Initial Capacity: 256M
 Heap Max Capacity: 512M
 Pre-touch: Disabled
 Parallel Workers: 8
 Concurrent Workers: 2
 Concurrent Refinement Workers: 8
 Periodic GC: Disabled
Heap:
 garbage-first heap   total 262144K, used 54101K [0x00000000e0000000, 0x0000000100000000)
  region size 1024K, 32 young (32768K), 16 survivors (16384K)
 Metaspace       used 52100K, committed 54144K, reserved 393216K
  class space    used 7775K, committed 8768K, reserved 327680K
GC Heap History (16 events):
Event: 5.222 GC heap before
{Heap before GC invocations=0 (full 0):
 garbage-first heap   total 262144K, used 26624K [0x00000000e0000000, 0x0000000100000000)
  region size 1024K, 23 young (23552K), 0 survivors (0K)
 Metaspace       used 2764K, committed 2880K, reserved 393216K
  class space    used 323K, committed 384K, reserved 327680K
}
Event: 5.668 GC heap after
{Heap after GC invocations=1 (full 0):
 garbage-first heap   total 262144K, used 11605K [0x00000000e0000000, 0x0000000100000000)
  region size 1024K, 3 young (3072K), 3 survivors (3072K)
 Metaspace       used 2764K, committed 2880K, reserved 393216K
  class space    used 323K, committed 384K, reserved 327680K
}
Event: 12.479 GC heap before
{Heap before GC invocations=1 (full 0):
 garbage-first heap   total 262144K, used 38229K [0x00000000e0000000, 0x0000000100000000)
  region size 1024K, 30 young (30720K), 3 survivors (3072K)
 Metaspace       used 4619K, committed 4800K, reserved 393216K
  class space    used 592K, committed 704K, reserved 327680K
}
Event: 12.487 GC heap after
{Heap after GC invocations=2 (full 0):
 garbage-first heap   total 262144K, used 12656K [0x00000000e0000000, 0x0000000100000000)
  region size 1024K, 2 young (2048K), 2 survivors (2048K)
 Metaspace       used 4619K, committed 4800K, reserved 393216K
  class space    used 592K, committed 704K, reserved 327680K
}
Event: 44.177 GC heap before
{Heap before GC invocations=2 (full 0):
 garbage-first heap   total 262144K, used 107888K [0x00000000e0000000, 0x0000000100000000)
  region size 1024K, 93 young (95232K), 2 survivors (2048K)
 Metaspace       used 17897K, committed 18368K, reserved 393216K
  class space    used 2480K, committed 2688K, reserved 327680K
}
Event: 44.600 GC heap after
{Heap after GC invocations=3 (full 0):
 garbage-first heap   total 262144K, used 23293K [0x00000000e0000000, 0x0000000100000000)
  region size 1024K, 11 young (11264K), 11 survivors (11264K)
 Metaspace       used 17897K, committed 18368K, reserved 393216K
  class space    used 2480K, committed 2688K, reserved 327680K
}
Event: 46.104 GC heap before
{Heap before GC invocations=3 (full 0):
 garbage-first heap   total 262144K, used 46845K [0x00000000e0000000, 0x0000000100000000)
  region size 1024K, 35 young (35840K), 11 survivors (11264K)
 Metaspace       used 20927K, committed 21504K, reserved 393216K
  class space    used 2990K, committed 3264K, reserved 327680K
}
Event: 46.134 GC heap after
{Heap after GC invocations=4 (full 0):
 garbage-first heap   total 262144K, used 25123K [0x00000000e0000000, 0x0000000100000000)
  region size 1024K, 2 young (2048K), 2 survivors (2048K)
 Metaspace       used 20927K, committed 21504K, reserved 393216K
  class space    used 2990K, committed 3264K, reserved 327680K
}
Event: 55.443 GC heap before
{Heap before GC invocations=5 (full 0):
 garbage-first heap   total 262144K, used 128547K [0x00000000e0000000, 0x0000000100000000)
  region size 1024K, 103 young (105472K), 2 survivors (2048K)
 Metaspace       used 34725K, committed 36096K, reserved 393216K
  class space    used 5017K, committed 5696K, reserved 327680K
}
Event: 55.461 GC heap after
{Heap after GC invocations=6 (full 0):
 garbage-first heap   total 262144K, used 30377K [0x00000000e0000000, 0x0000000100000000)
  region size 1024K, 8 young (8192K), 8 survivors (8192K)
 Metaspace       used 34725K, committed 36096K, reserved 393216K
  class space    used 5017K, committed 5696K, reserved 327680K
}
Event: 55.593 GC heap before
{Heap before GC invocations=6 (full 0):
 garbage-first heap   total 262144K, used 31401K [0x00000000e0000000, 0x0000000100000000)
  region size 1024K, 10 young (10240K), 8 survivors (8192K)
 Metaspace       used 35021K, committed 36416K, reserved 393216K
  class space    used 5040K, committed 5696K, reserved 327680K
}
Event: 55.623 GC heap after
{Heap after GC invocations=7 (full 0):
 garbage-first heap   total 262144K, used 30336K [0x00000000e0000000, 0x0000000100000000)
  region size 1024K, 8 young (8192K), 8 survivors (8192K)
 Metaspace       used 35021K, committed 36416K, reserved 393216K
  class space    used 5040K, committed 5696K, reserved 327680K
}
Event: 55.792 GC heap before
{Heap before GC invocations=7 (full 0):
 garbage-first heap   total 262144K, used 33408K [0x00000000e0000000, 0x0000000100000000)
  region size 1024K, 12 young (12288K), 8 survivors (8192K)
 Metaspace       used 35372K, committed 36736K, reserved 393216K
  class space    used 5082K, committed 5760K, reserved 327680K
}
Event: 55.803 GC heap after
{Heap after GC invocations=8 (full 0):
 garbage-first heap   total 262144K, used 31160K [0x00000000e0000000, 0x0000000100000000)
  region size 1024K, 8 young (8192K), 8 survivors (8192K)
 Metaspace       used 35372K, committed 36736K, reserved 393216K
  class space    used 5082K, committed 5760K, reserved 327680K
}
Event: 100.338 GC heap before
{Heap before GC invocations=9 (full 0):
 garbage-first heap   total 262144K, used 178616K [0x00000000e0000000, 0x0000000100000000)
  region size 1024K, 153 young (156672K), 8 survivors (8192K)
 Metaspace       used 50738K, committed 52736K, reserved 393216K
  class space    used 7533K, committed 8512K, reserved 327680K
}
Event: 100.477 GC heap after
{Heap after GC invocations=10 (full 0):
 garbage-first heap   total 262144K, used 38741K [0x00000000e0000000, 0x0000000100000000)
  region size 1024K, 16 young (16384K), 16 survivors (16384K)
 Metaspace       used 50738K, committed 52736K, reserved 393216K
  class space    used 7533K, committed 8512K, reserved 327680K
}

